Device: /org/freedesktop/UPower/devices/line_power_AC
  native-path:          AC
  power supply:         yes
  updated:              Fri 23 Sep 2022 02:40:46 PM PDT (9747 seconds ago)
  has history:          no
  has statistics:       no
  line-power
    warning-level:       none
    online:              yes
    icon-name:          'ac-adapter-symbolic'

Device: /org/freedesktop/UPower/devices/battery_BAT0
  native-path:          BAT0
  vendor:               Notebook
  model:                BAT
  serial:               0001
  power supply:         yes
  updated:              Fri 23 Sep 2022 05:22:46 PM PDT (27 seconds ago)
  has history:          yes
  has statistics:       yes
  battery
    present:             yes
    rechargeable:        yes
    state:               fully-charged
    warning-level:       none
    energy:              44.2928 Wh
    energy-empty:        0 Wh
    energy-full:         44.2928 Wh
    energy-full-design:  48.26 Wh
    energy-rate:         0 W
    voltage:             16.738 V
    charge-cycles:       N/A
    percentage:          100%
    capacity:            91.7795%
    technology:          lithium-ion
    icon-name:          'battery-full-charged-symbolic'

Device: /org/freedesktop/UPower/devices/DisplayDevice
  power supply:         yes
  updated:              Fri 23 Sep 2022 02:40:46 PM PDT (9747 seconds ago)
  has history:          no
  has statistics:       no
  battery
    present:             yes
    state:               fully-charged
    warning-level:       none
    energy:              44.2928 Wh
    energy-full:         44.2928 Wh
    energy-rate:         0 W
    charge-cycles:       N/A
    percentage:          100%
    icon-name:          'battery-full-charged-symbolic'

Daemon:
  daemon-version:  0.99.17
  on-battery:      no
  lid-is-closed:   no
  lid-is-present:  yes
  critical-action: HybridSleep
